<?xml version="1.0" encoding="UTF-8"?>
<!-- Generated by org.testng.reporters.JUnitReportReporter -->
<testsuite hostname="Nammi" failures="0" tests="1" name="tests.TC2" time="34.582" errors="0" timestamp="2022-11-10T10:11:41 IST" skipped="0">
  <testcase classname="tests.TC2" name="login" time="34.582"/>
  <system-out/>
</testsuite> <!-- tests.TC2 -->
