<?xml version="1.0" encoding="UTF-8"?>
<!-- Generated by org.testng.reporters.JUnitReportReporter -->
<testsuite hostname="Nammi" failures="0" tests="1" name="tests.TC_login" time="12.727" errors="0" timestamp="2022-11-10T10:06:48 IST" skipped="0">
  <testcase classname="tests.TC_login" name="login" time="12.727"/>
  <system-out/>
</testsuite> <!-- tests.TC_login -->
